  CollisionHandler.cpp
C:\GitHubRepositories\SDL_Asteroids\Asteroids\CollisionHandler.cpp(21,73): warning C4244: 'return': conversion from 'double' to 'float', possible loss of data
C:\GitHubRepositories\SDL_Asteroids\Asteroids\CollisionHandler.h(39,9): warning C4244: 'initializing': conversion from '_Ty' to 'int', possible loss of data
          with
          [
              _Ty=double
          ]
C:\GitHubRepositories\SDL_Asteroids\Asteroids\CollisionHandler.cpp(273): message : see reference to function template instantiation 'void CollisionHandler::for_each_occupied_grid_cell<CollisionHandler::FindAllCollisions::<lambda_4d8756ed161cbb958d36dc5e1a779a56>>(CollidableObject &,int &,T)' being compiled
          with
          [
              T=CollisionHandler::FindAllCollisions::<lambda_4d8756ed161cbb958d36dc5e1a779a56>
          ]
C:\GitHubRepositories\SDL_Asteroids\Asteroids\CollisionHandler.h(40,9): warning C4244: 'initializing': conversion from '_Ty' to 'int', possible loss of data
          with
          [
              _Ty=double
          ]
C:\GitHubRepositories\SDL_Asteroids\Asteroids\CollisionHandler.h(42,38): warning C4244: '=': conversion from 'double' to '_Ty1', possible loss of data
          with
          [
              _Ty1=int
          ]
C:\GitHubRepositories\SDL_Asteroids\Asteroids\CollisionHandler.h(46,40): warning C4244: '=': conversion from 'double' to '_Ty2', possible loss of data
          with
          [
              _Ty2=int
          ]
  Asteroids.vcxproj -> C:\GitHubRepositories\SDL_Asteroids\Asteroids\Debug\Asteroids.exe
